<?xml version="1.0" encoding="UTF-8"?>
<!-- Generated by org.testng.reporters.JUnitReportReporter -->
<testsuite hostname="DESKTOP-2ACJK3Q" failures="0" tests="3" name="ProductTest.Example2Test" time="20.361" errors="0" timestamp="2025-07-31T11:13:42 IST" skipped="0">
  <testcase classname="ProductTest.Example2Test" name="Addproduct3" time="4.556"/>
  <testcase classname="ProductTest.Example2Test" name="Addproduct2" time="4.640"/>
  <testcase classname="ProductTest.Example2Test" name="Addproduct" time="11.165">
    <system-out>
      <![CDATA[shirisha
allam
 500072
Checkout: Complete!]]>
    </system-out>
  </testcase> <!-- Addproduct -->
  <system-out>
    <![CDATA[browser opened sucessfully
browser maximised sucessfully
url entered sucessfully
page verified sucessfully
browser set up done
validated username  sucessfully
validated password sucessfully
username entered sucessfully
password entered sucessfully
login done sucessfully
validated menubar sucessfully
validated logout sucessfully
menubar clicked sucessfully
logoutbutton clicked sucessfully
logout
validated username  sucessfully
validated password sucessfully
username entered sucessfully
password entered sucessfully
login done sucessfully
validated menubar sucessfully
validated logout sucessfully
menubar clicked sucessfully
logoutbutton clicked sucessfully
logout
validated username  sucessfully
validated password sucessfully
username entered sucessfully
password entered sucessfully
login done sucessfully
shirisha
allam
 500072
Checkout: Complete!
validated menubar sucessfully
validated logout sucessfully
menubar clicked sucessfully
logoutbutton clicked sucessfully
logout
allwindows closed sucessfully
browser terminate done]]>
  </system-out>
</testsuite> <!-- ProductTest.Example2Test -->
