<?xml version="1.0" encoding="UTF-8"?>
<!-- Generated by org.testng.reporters.JUnitReportReporter -->
<testsuite hostname="DESKTOP-2ACJK3Q" failures="0" tests="1" name="ProductTest.Example_1Test" time="6.164" errors="0" timestamp="2025-07-21T10:54:31 IST" skipped="0">
  <testcase classname="ProductTest.Example_1Test" name="orderproduct" time="6.164"/>
  <system-out>
    <![CDATA[browser set up done
logout
browser terminate done]]>
  </system-out>
</testsuite> <!-- ProductTest.Example_1Test -->
