<?xml version="1.0" encoding="UTF-8"?>
<!-- Generated by org.testng.reporters.JUnitReportReporter -->
<testsuite hostname="DESKTOP-2ACJK3Q" failures="0" tests="1" name="ProductTest.product" time="10.804" errors="0" timestamp="2025-07-21T11:44:43 IST" skipped="0">
  <testcase classname="ProductTest.product" name="Addproduct" time="10.804"/>
</testsuite> <!-- ProductTest.product -->
